

processing file: ExploreCRC.Rmd
1/102                                         
2/102 [index-setup]                           
3/102                                         
4/102 [index-functionDef]                     
5/102                                         
6/102 [index-runParam]                        
7/102                                         
8/102 [load-data-dnldGSE]                     
9/102                                         
10/102 [load-data-peekGSE]                     
11/102                                         
12/102 [load-data-cleanGSE]                    
13/102                                         
14/102 [load-data-poolGSE]                     
15/102                                         
16/102 [load-data-plot-poolGSE]                
17/102                                         
18/102 [load-data-svaBatchAdjust]              
19/102                                         
20/102 [load-data-plot-svaBatchAdjust]         
21/102                                         
22/102 [load-data-getTrainTest]                
23/102                                         
24/102 [load-data-saveGeneSets]                
25/102                                         
26/102 [train-models-setTrainParam]            
27/102                                         
28/102 [train-models-doMC]                     
29/102                                         
30/102 [train-models-glmnetFit]                
31/102                                         
32/102 [train-models-enetFit]                  
33/102                                         
34/102 [train-models-knnFit]                   
35/102                                         
36/102 [train-models-pamFit]                   
37/102                                         
38/102 [train-models-svmRadialFit]             
39/102                                         
40/102 [train-models-gbmFit]                   
41/102                                         
42/102 [train-models-xgbLinearFit]             
43/102                                         
44/102 [train-models-xgbTreeFit]               
45/102                                         
46/102 [train-models-rfFit]                    
47/102                                         
48/102 [train-models-stepLDAFit]               
49/102                                         
50/102 [train-models-stepQDAFit]               
51/102                                         
52/102 [comp-models-getModels]                 
53/102                                         
54/102 [comp-models-compTimes]                 
55/102                                         
56/102 [comp-models-trainAccuracy]             
57/102                                         
58/102 [comp-models-OOFTrainAccuracy]          
59/102                                         
60/102 [comp-models-OOFTrainAccuracy-2]        
61/102                                         
62/102 [comp-models-testAccuracy]              
63/102                                         
64/102 [comp-models-CompROCTrain]              
65/102                                         
66/102 [comp-models-CompROCOOFTrain]           
67/102                                         
68/102 [comp-models-get-CompROCIndivOOFTrain]  
